<?xml version="1.0" encoding="UTF-8"?>
<!-- Generated by org.testng.reporters.JUnitReportReporter -->
<testsuite skipped="0" hostname="DESKTOP-FSDKP29" name="com.chat_test.VisitorChatTest" tests="1" failures="0" timestamp="10 Jun 2022 16:07:36 GMT" time="6.308" errors="0">
  <testcase name="verifyStartChat" time="6.308" classname="com.chat_test.VisitorChatTest"/>
</testsuite> <!-- com.chat_test.VisitorChatTest -->
